Wed Apr 23 19:57:42 UTC 2025
Thu Apr 24 12:39:26 UTC 2025
Fri Apr 25 12:38:17 UTC 2025
Sat Apr 26 12:34:20 UTC 2025
Sun Apr 27 12:34:31 UTC 2025
Mon Apr 28 12:41:17 UTC 2025
Tue Apr 29 12:40:49 UTC 2025
Wed Apr 30 12:38:09 UTC 2025
Thu May  1 12:37:43 UTC 2025
Fri May  2 12:37:50 UTC 2025
Sat May  3 12:35:04 UTC 2025
Sun May  4 12:35:42 UTC 2025
Mon May  5 12:39:05 UTC 2025
Tue May  6 12:40:54 UTC 2025
Wed May  7 12:41:11 UTC 2025
Thu May  8 12:39:21 UTC 2025
Fri May  9 12:38:27 UTC 2025
Sat May 10 12:35:04 UTC 2025
Sun May 11 12:35:12 UTC 2025
Mon May 12 12:40:55 UTC 2025
Tue May 13 12:41:01 UTC 2025
Wed May 14 12:39:41 UTC 2025
Thu May 15 12:39:53 UTC 2025
Fri May 16 12:39:39 UTC 2025
Sat May 17 12:35:44 UTC 2025
Sun May 18 12:36:06 UTC 2025
Mon May 19 12:41:21 UTC 2025
Tue May 20 12:41:24 UTC 2025
Wed May 21 12:40:29 UTC 2025
Thu May 22 12:40:45 UTC 2025
Fri May 23 12:38:58 UTC 2025
Sat May 24 12:35:43 UTC 2025
Sun May 25 12:36:22 UTC 2025
Mon May 26 12:39:09 UTC 2025
Tue May 27 12:41:15 UTC 2025
Wed May 28 12:40:54 UTC 2025
Thu May 29 12:39:55 UTC 2025
Fri May 30 12:39:57 UTC 2025
Sat May 31 12:36:21 UTC 2025
Sun Jun  1 12:37:22 UTC 2025
Mon Jun  2 12:41:01 UTC 2025
Tue Jun  3 12:41:25 UTC 2025
Wed Jun  4 12:41:31 UTC 2025
Thu Jun  5 12:41:17 UTC 2025
Fri Jun  6 12:40:03 UTC 2025
Sat Jun  7 12:36:38 UTC 2025
Sun Jun  8 12:36:47 UTC 2025
Mon Jun  9 12:41:00 UTC 2025
